build/app/intermediates/manifest_merge_blame_file/release/manifest-merger-blame-release-report.txt
1<?xml version="1.0" encoding="utf-8"?>
2<manifest xmlns:android="http://schemas.android.com/apk/res/android"
3    package="com.techsales.sbcb_driver"
4    android:versionCode="10"
5    android:versionName="1.0.9" >
6
7    <uses-sdk
8        android:minSdkVersion="20"
8-->src\main\AndroidManifest.xml
9        android:targetSdkVersion="30" />
9-->src\main\AndroidManifest.xml
10    <!--
11         io.flutter.app.FlutterApplication is an android.app.Application that
12         calls FlutterMain.startInitialization(this); in its onCreate method.
13         In most cases you can leave this as-is, but you if you want to provide
14         additional functionality it is fine to subclass or reimplement
15         FlutterApplication and put your custom class here.
16    -->
17    <uses-permission android:name="android.permission.INTERNET" />
17-->src\main\AndroidManifest.xml:8:5-66
17-->src\main\AndroidManifest.xml:8:22-64
18    <uses-permission android:name="android.permission.ACCESS_FINE_LOCATION" />
18-->src\main\AndroidManifest.xml:9:5-79
18-->src\main\AndroidManifest.xml:9:22-76
19    <uses-permission android:name="android.permission.ACCESS_COARSE_LOCATION" />
19-->src\main\AndroidManifest.xml:10:5-81
19-->src\main\AndroidManifest.xml:10:22-78
20    <uses-permission android:name="android.permission.ACCESS_BACKGROUND_LOCATION" />
20-->src\main\AndroidManifest.xml:11:5-85
20-->src\main\AndroidManifest.xml:11:22-82
21    <uses-permission android:name="android.permission.VIBRATE" />
21-->src\main\AndroidManifest.xml:12:5-66
21-->src\main\AndroidManifest.xml:12:22-63
22    <uses-permission android:name="android.permission.WAKE_LOCK" />
22-->src\main\AndroidManifest.xml:13:5-68
22-->src\main\AndroidManifest.xml:13:22-65
23    <uses-permission android:name="android.permission.ACCESS_NETWORK_STATE" />
23-->[:firebase_analytics] AndroidManifest.xml:7:5-79
23-->[:firebase_analytics] AndroidManifest.xml:7:22-76
24    <uses-permission android:name="android.permission.RECEIVE_BOOT_COMPLETED" />
24-->[:flutter_local_notifications] AndroidManifest.xml:7:5-81
24-->[:flutter_local_notifications] AndroidManifest.xml:7:22-78
25    <uses-permission android:name="android.permission.USE_FULL_SCREEN_INTENT" />
25-->[:flutter_local_notifications] AndroidManifest.xml:9:5-81
25-->[:flutter_local_notifications] AndroidManifest.xml:9:22-78
26    <uses-permission android:name="android.permission.FOREGROUND_SERVICE" /> <!-- Required by older versions of Google Play services to create IID tokens -->
26-->[:flutter_background] AndroidManifest.xml:8:5-77
26-->[:flutter_background] AndroidManifest.xml:8:22-74
27    <uses-permission android:name="com.google.android.c2dm.permission.RECEIVE" />
27-->[com.google.firebase:firebase-messaging:23.0.0] AndroidManifest.xml:25:5-82
27-->[com.google.firebase:firebase-messaging:23.0.0] AndroidManifest.xml:25:22-79
28
29    <uses-feature
29-->[com.google.android.gms:play-services-maps:17.0.0] AndroidManifest.xml:26:5-28:35
30        android:glEsVersion="0x00020000"
30-->[com.google.android.gms:play-services-maps:17.0.0] AndroidManifest.xml:27:9-41
31        android:required="true" />
31-->[com.google.android.gms:play-services-maps:17.0.0] AndroidManifest.xml:28:9-32
32
33    <uses-permission android:name="com.google.android.finsky.permission.BIND_GET_INSTALL_REFERRER_SERVICE" /> <!-- Include required permissions for Advertising Id -->
33-->[com.google.android.gms:play-services-measurement:20.0.2] AndroidManifest.xml:26:5-110
33-->[com.google.android.gms:play-services-measurement:20.0.2] AndroidManifest.xml:26:22-107
34    <uses-permission android:name="com.google.android.gms.permission.AD_ID" />
34-->[com.google.android.gms:play-services-ads-identifier:18.0.0] AndroidManifest.xml:23:5-79
34-->[com.google.android.gms:play-services-ads-identifier:18.0.0] AndroidManifest.xml:23:22-76
35
36    <application
36-->src\main\AndroidManifest.xml:14:5-71:19
37        android:appComponentFactory="androidx.core.app.CoreComponentFactory"
37-->[androidx.core:core:1.6.0] AndroidManifest.xml:24:18-86
38        android:icon="@mipmap/ic_launcher"
38-->src\main\AndroidManifest.xml:17:9-43
39        android:label="Sambriddha Driver app" >
39-->src\main\AndroidManifest.xml:16:9-46
40        <activity
40-->src\main\AndroidManifest.xml:18:9-63:20
41            android:name="com.techsales.sbcb_driver.MainActivity"
41-->src\main\AndroidManifest.xml:20:13-41
42            android:configChanges="orientation|keyboardHidden|keyboard|screenSize|smallestScreenSize|locale|layoutDirection|fontScale|screenLayout|density|uiMode"
42-->src\main\AndroidManifest.xml:23:13-163
43            android:exported="true"
43-->src\main\AndroidManifest.xml:19:13-36
44            android:hardwareAccelerated="true"
44-->src\main\AndroidManifest.xml:24:13-47
45            android:launchMode="singleTop"
45-->src\main\AndroidManifest.xml:21:13-43
46            android:showWhenLocked="true"
46-->src\main\AndroidManifest.xml:26:13-42
47            android:theme="@style/LaunchTheme"
47-->src\main\AndroidManifest.xml:22:13-47
48            android:turnScreenOn="true"
48-->src\main\AndroidManifest.xml:27:13-40
49            android:windowSoftInputMode="adjustResize" >
49-->src\main\AndroidManifest.xml:25:13-55
50
51            <!--
52                 Specifies an Android theme to apply to this Activity as soon as
53                 the Android process has started. This theme is visible to the user
54                 while the Flutter UI initializes. After that, this theme continues
55                 to determine the Window background behind the Flutter UI.
56            -->
57            <meta-data
57-->src\main\AndroidManifest.xml:33:13-36:17
58                android:name="io.flutter.embedding.android.NormalTheme"
58-->src\main\AndroidManifest.xml:34:15-70
59                android:resource="@style/NormalTheme" />
59-->src\main\AndroidManifest.xml:35:15-52
60            <!--
61                 Displays an Android View that continues showing the launch screen
62                 Drawable until Flutter paints its first frame, then this splash
63                 screen fades out. A splash screen is useful to avoid any visual
64                 gap between the end of Android's launch screen and the painting of
65                 Flutter's first frame.
66            -->
67            <meta-data
67-->src\main\AndroidManifest.xml:42:13-45:17
68                android:name="io.flutter.embedding.android.SplashScreenDrawable"
68-->src\main\AndroidManifest.xml:43:15-79
69                android:resource="@drawable/launch_background" />
69-->src\main\AndroidManifest.xml:44:15-61
70            <meta-data
70-->src\main\AndroidManifest.xml:46:15-48:59
71                android:name="com.google.firebase.messaging.default_notification_channel_id"
71-->src\main\AndroidManifest.xml:47:17-93
72                android:value="high_importance_channel" />
72-->src\main\AndroidManifest.xml:48:17-56
73            <meta-data
73-->src\main\AndroidManifest.xml:46:15-48:59
74                android:name="com.google.firebase.messaging.default_notification_channel_id"
74-->src\main\AndroidManifest.xml:47:17-93
75                android:value="high_importance_channel" />
75-->src\main\AndroidManifest.xml:48:17-56
76
77            <intent-filter>
77-->src\main\AndroidManifest.xml:52:13-56:29
78                <action android:name="android.intent.action.MAIN" />
78-->src\main\AndroidManifest.xml:53:17-68
78-->src\main\AndroidManifest.xml:53:25-66
79
80                <category android:name="android.intent.category.LAUNCHER" />
80-->src\main\AndroidManifest.xml:54:17-76
80-->src\main\AndroidManifest.xml:54:27-74
81            </intent-filter>
82            <intent-filter>
82-->src\main\AndroidManifest.xml:58:13-61:29
83                <action android:name="FLUTTER_NOTIFICATION_CLICK" />
83-->src\main\AndroidManifest.xml:59:15-67
83-->src\main\AndroidManifest.xml:59:23-64
84
85                <category android:name="android.intent.category.DEFAULT" />
85-->src\main\AndroidManifest.xml:60:15-74
85-->src\main\AndroidManifest.xml:60:25-71
86            </intent-filter>
87        </activity>
88
89        <meta-data
89-->src\main\AndroidManifest.xml:64:10-65:73
90            android:name="com.google.android.geo.API_KEY"
90-->src\main\AndroidManifest.xml:64:21-66
91            android:value="AIzaSyC_siAOGtkjHJ4i_1SzyjaSV8VC83vfYAw" />
91-->src\main\AndroidManifest.xml:65:16-71
92        <!--
93             Don't delete the meta-data below.
94             This is used by the Flutter tool to generate GeneratedPluginRegistrant.java
95        -->
96        <meta-data
96-->src\main\AndroidManifest.xml:68:9-70:33
97            android:name="flutterEmbedding"
97-->src\main\AndroidManifest.xml:69:13-44
98            android:value="2" />
98-->src\main\AndroidManifest.xml:70:13-30
99
100        <service
100-->[:firebase_analytics] AndroidManifest.xml:12:9-16:19
101            android:name="com.google.firebase.components.ComponentDiscoveryService"
101-->[:firebase_analytics] AndroidManifest.xml:12:18-89
102            android:directBootAware="true"
102-->[com.google.firebase:firebase-common:20.0.0] AndroidManifest.xml:35:13-43
103            android:exported="false" >
103-->[com.google.firebase:firebase-messaging:23.0.0] AndroidManifest.xml:51:13-37
104            <meta-data
104-->[:firebase_analytics] AndroidManifest.xml:13:13-15:85
105                android:name="com.google.firebase.components:io.flutter.plugins.firebase.analytics.FlutterFirebaseAppRegistrar"
105-->[:firebase_analytics] AndroidManifest.xml:14:17-128
106                android:value="com.google.firebase.components.ComponentRegistrar" />
106-->[:firebase_analytics] AndroidManifest.xml:15:17-82
107            <meta-data
107-->[:firebase_messaging] AndroidManifest.xml:34:13-36:85
108                android:name="com.google.firebase.components:io.flutter.plugins.firebase.messaging.FlutterFirebaseAppRegistrar"
108-->[:firebase_messaging] AndroidManifest.xml:35:17-128
109                android:value="com.google.firebase.components.ComponentRegistrar" />
109-->[:firebase_messaging] AndroidManifest.xml:36:17-82
110            <meta-data
110-->[:firebase_core] AndroidManifest.xml:9:13-11:85
111                android:name="com.google.firebase.components:io.flutter.plugins.firebase.core.FlutterFirebaseCoreRegistrar"
111-->[:firebase_core] AndroidManifest.xml:10:17-124
112                android:value="com.google.firebase.components.ComponentRegistrar" />
112-->[:firebase_core] AndroidManifest.xml:11:17-82
113            <meta-data
113-->[com.google.firebase:firebase-messaging:23.0.0] AndroidManifest.xml:52:13-54:85
114                android:name="com.google.firebase.components:com.google.firebase.messaging.FirebaseMessagingRegistrar"
114-->[com.google.firebase:firebase-messaging:23.0.0] AndroidManifest.xml:53:17-119
115                android:value="com.google.firebase.components.ComponentRegistrar" />
115-->[com.google.firebase:firebase-messaging:23.0.0] AndroidManifest.xml:54:17-82
116            <meta-data
116-->[com.google.android.gms:play-services-measurement-api:20.0.2] AndroidManifest.xml:30:13-32:85
117                android:name="com.google.firebase.components:com.google.firebase.analytics.connector.internal.AnalyticsConnectorRegistrar"
117-->[com.google.android.gms:play-services-measurement-api:20.0.2] AndroidManifest.xml:31:17-139
118                android:value="com.google.firebase.components.ComponentRegistrar" />
118-->[com.google.android.gms:play-services-measurement-api:20.0.2] AndroidManifest.xml:32:17-82
119            <meta-data
119-->[com.google.firebase:firebase-datatransport:18.0.0] AndroidManifest.xml:28:13-30:85
120                android:name="com.google.firebase.components:com.google.firebase.datatransport.TransportRegistrar"
120-->[com.google.firebase:firebase-datatransport:18.0.0] AndroidManifest.xml:29:17-115
121                android:value="com.google.firebase.components.ComponentRegistrar" />
121-->[com.google.firebase:firebase-datatransport:18.0.0] AndroidManifest.xml:30:17-82
122            <meta-data
122-->[com.google.firebase:firebase-installations:17.0.0] AndroidManifest.xml:18:13-20:85
123                android:name="com.google.firebase.components:com.google.firebase.installations.FirebaseInstallationsRegistrar"
123-->[com.google.firebase:firebase-installations:17.0.0] AndroidManifest.xml:19:17-127
124                android:value="com.google.firebase.components.ComponentRegistrar" />
124-->[com.google.firebase:firebase-installations:17.0.0] AndroidManifest.xml:20:17-82
125        </service>
126        <service
126-->[:firebase_messaging] AndroidManifest.xml:12:9-15:72
127            android:name="io.flutter.plugins.firebase.messaging.FlutterFirebaseMessagingBackgroundService"
127-->[:firebase_messaging] AndroidManifest.xml:13:13-107
128            android:exported="false"
128-->[:firebase_messaging] AndroidManifest.xml:14:13-37
129            android:permission="android.permission.BIND_JOB_SERVICE" />
129-->[:firebase_messaging] AndroidManifest.xml:15:13-69
130        <service
130-->[:firebase_messaging] AndroidManifest.xml:16:9-22:19
131            android:name="io.flutter.plugins.firebase.messaging.FlutterFirebaseMessagingService"
131-->[:firebase_messaging] AndroidManifest.xml:17:13-97
132            android:exported="false" >
132-->[:firebase_messaging] AndroidManifest.xml:18:13-37
133            <intent-filter>
133-->[:firebase_messaging] AndroidManifest.xml:19:13-21:29
134                <action android:name="com.google.firebase.MESSAGING_EVENT" />
134-->[:firebase_messaging] AndroidManifest.xml:20:17-78
134-->[:firebase_messaging] AndroidManifest.xml:20:25-75
135            </intent-filter>
136        </service>
137
138        <receiver
138-->[:firebase_messaging] AndroidManifest.xml:24:9-31:20
139            android:name="io.flutter.plugins.firebase.messaging.FlutterFirebaseMessagingReceiver"
139-->[:firebase_messaging] AndroidManifest.xml:25:13-98
140            android:exported="true"
140-->[:firebase_messaging] AndroidManifest.xml:26:13-36
141            android:permission="com.google.android.c2dm.permission.SEND" >
141-->[:firebase_messaging] AndroidManifest.xml:27:13-73
142            <intent-filter>
142-->[:firebase_messaging] AndroidManifest.xml:28:13-30:29
143                <action android:name="com.google.android.c2dm.intent.RECEIVE" />
143-->[:firebase_messaging] AndroidManifest.xml:29:17-81
143-->[:firebase_messaging] AndroidManifest.xml:29:25-78
144            </intent-filter>
145        </receiver>
146
147        <provider
147-->[:firebase_messaging] AndroidManifest.xml:39:9-43:38
148            android:name="io.flutter.plugins.firebase.messaging.FlutterFirebaseMessagingInitProvider"
148-->[:firebase_messaging] AndroidManifest.xml:40:13-102
149            android:authorities="com.techsales.sbcb_driver.flutterfirebasemessaginginitprovider"
149-->[:firebase_messaging] AndroidManifest.xml:41:13-88
150            android:exported="false"
150-->[:firebase_messaging] AndroidManifest.xml:42:13-37
151            android:initOrder="99" />
151-->[:firebase_messaging] AndroidManifest.xml:43:13-35
152        <provider
152-->[:image_picker] AndroidManifest.xml:8:9-16:20
153            android:name="io.flutter.plugins.imagepicker.ImagePickerFileProvider"
153-->[:image_picker] AndroidManifest.xml:9:13-82
154            android:authorities="com.techsales.sbcb_driver.flutter.image_provider"
154-->[:image_picker] AndroidManifest.xml:10:13-74
155            android:exported="false"
155-->[:image_picker] AndroidManifest.xml:11:13-37
156            android:grantUriPermissions="true" >
156-->[:image_picker] AndroidManifest.xml:12:13-47
157            <meta-data
157-->[:image_picker] AndroidManifest.xml:13:13-15:75
158                android:name="android.support.FILE_PROVIDER_PATHS"
158-->[:image_picker] AndroidManifest.xml:14:17-67
159                android:resource="@xml/flutter_image_picker_file_paths" />
159-->[:image_picker] AndroidManifest.xml:15:17-72
160        </provider>
161
162        <receiver android:name="com.dexterous.flutterlocalnotifications.ScheduledNotificationReceiver" />
162-->[:flutter_local_notifications] AndroidManifest.xml:12:9-106
162-->[:flutter_local_notifications] AndroidManifest.xml:12:19-103
163        <receiver android:name="com.dexterous.flutterlocalnotifications.ScheduledNotificationBootReceiver" >
163-->[:flutter_local_notifications] AndroidManifest.xml:13:9-20:20
163-->[:flutter_local_notifications] AndroidManifest.xml:13:19-107
164            <intent-filter>
164-->[:flutter_local_notifications] AndroidManifest.xml:14:13-19:29
165                <action android:name="android.intent.action.BOOT_COMPLETED" />
165-->[:flutter_local_notifications] AndroidManifest.xml:15:17-79
165-->[:flutter_local_notifications] AndroidManifest.xml:15:25-76
166                <action android:name="android.intent.action.MY_PACKAGE_REPLACED" />
166-->[:flutter_local_notifications] AndroidManifest.xml:16:17-84
166-->[:flutter_local_notifications] AndroidManifest.xml:16:25-81
167                <action android:name="android.intent.action.QUICKBOOT_POWERON" />
167-->[:flutter_local_notifications] AndroidManifest.xml:17:17-82
167-->[:flutter_local_notifications] AndroidManifest.xml:17:25-79
168                <action android:name="com.htc.intent.action.QUICKBOOT_POWERON" />
168-->[:flutter_local_notifications] AndroidManifest.xml:18:17-82
168-->[:flutter_local_notifications] AndroidManifest.xml:18:25-79
169            </intent-filter>
170        </receiver>
171
172        <activity
172-->[:url_launcher_android] AndroidManifest.xml:8:9-11:74
173            android:name="io.flutter.plugins.urllauncher.WebViewActivity"
173-->[:url_launcher_android] AndroidManifest.xml:9:13-74
174            android:exported="false"
174-->[:url_launcher_android] AndroidManifest.xml:10:13-37
175            android:theme="@android:style/Theme.NoTitleBar.Fullscreen" />
175-->[:url_launcher_android] AndroidManifest.xml:11:13-71
176
177        <service android:name="de.julianassmann.flutter_background.IsolateHolderService" >
177-->[:flutter_background] AndroidManifest.xml:11:9-17:19
177-->[:flutter_background] AndroidManifest.xml:11:18-89
178
179            <!--
180            android:exported="false"
181            android:foregroundServiceType="connectedDevice|dataSync"
182            -->
183        </service>
184
185        <provider
185-->[:share_plus] AndroidManifest.xml:8:9-16:20
186            android:name="dev.fluttercommunity.plus.share.ShareFileProvider"
186-->[:share_plus] AndroidManifest.xml:9:13-77
187            android:authorities="com.techsales.sbcb_driver.flutter.share_provider"
187-->[:share_plus] AndroidManifest.xml:10:13-74
188            android:exported="false"
188-->[:share_plus] AndroidManifest.xml:11:13-37
189            android:grantUriPermissions="true" >
189-->[:share_plus] AndroidManifest.xml:12:13-47
190            <meta-data
190-->[:image_picker] AndroidManifest.xml:13:13-15:75
191                android:name="android.support.FILE_PROVIDER_PATHS"
191-->[:image_picker] AndroidManifest.xml:14:17-67
192                android:resource="@xml/flutter_share_file_paths" />
192-->[:image_picker] AndroidManifest.xml:15:17-72
193        </provider>
194
195        <uses-library
195-->[androidx.window:window:1.0.0-beta04] AndroidManifest.xml:25:9-27:40
196            android:name="androidx.window.extensions"
196-->[androidx.window:window:1.0.0-beta04] AndroidManifest.xml:26:13-54
197            android:required="false" />
197-->[androidx.window:window:1.0.0-beta04] AndroidManifest.xml:27:13-37
198        <uses-library
198-->[androidx.window:window:1.0.0-beta04] AndroidManifest.xml:28:9-30:40
199            android:name="androidx.window.sidecar"
199-->[androidx.window:window:1.0.0-beta04] AndroidManifest.xml:29:13-51
200            android:required="false" />
200-->[androidx.window:window:1.0.0-beta04] AndroidManifest.xml:30:13-37
201
202        <receiver
202-->[com.google.firebase:firebase-messaging:23.0.0] AndroidManifest.xml:28:9-35:20
203            android:name="com.google.firebase.iid.FirebaseInstanceIdReceiver"
203-->[com.google.firebase:firebase-messaging:23.0.0] AndroidManifest.xml:29:13-78
204            android:exported="true"
204-->[com.google.firebase:firebase-messaging:23.0.0] AndroidManifest.xml:30:13-36
205            android:permission="com.google.android.c2dm.permission.SEND" >
205-->[com.google.firebase:firebase-messaging:23.0.0] AndroidManifest.xml:31:13-73
206            <intent-filter>
206-->[:firebase_messaging] AndroidManifest.xml:28:13-30:29
207                <action android:name="com.google.android.c2dm.intent.RECEIVE" />
207-->[:firebase_messaging] AndroidManifest.xml:29:17-81
207-->[:firebase_messaging] AndroidManifest.xml:29:25-78
208            </intent-filter>
209        </receiver>
210        <!--
211             FirebaseMessagingService performs security checks at runtime,
212             but set to not exported to explicitly avoid allowing another app to call it.
213        -->
214        <service
214-->[com.google.firebase:firebase-messaging:23.0.0] AndroidManifest.xml:41:9-48:19
215            android:name="com.google.firebase.messaging.FirebaseMessagingService"
215-->[com.google.firebase:firebase-messaging:23.0.0] AndroidManifest.xml:42:13-82
216            android:directBootAware="true"
216-->[com.google.firebase:firebase-messaging:23.0.0] AndroidManifest.xml:43:13-43
217            android:exported="false" >
217-->[com.google.firebase:firebase-messaging:23.0.0] AndroidManifest.xml:44:13-37
218            <intent-filter android:priority="-500" >
218-->[:firebase_messaging] AndroidManifest.xml:19:13-21:29
219                <action android:name="com.google.firebase.MESSAGING_EVENT" />
219-->[:firebase_messaging] AndroidManifest.xml:20:17-78
219-->[:firebase_messaging] AndroidManifest.xml:20:25-75
220            </intent-filter>
221        </service>
222
223        <provider
223-->[com.google.firebase:firebase-common:20.0.0] AndroidManifest.xml:26:9-31:39
224            android:name="com.google.firebase.provider.FirebaseInitProvider"
224-->[com.google.firebase:firebase-common:20.0.0] AndroidManifest.xml:27:13-77
225            android:authorities="com.techsales.sbcb_driver.firebaseinitprovider"
225-->[com.google.firebase:firebase-common:20.0.0] AndroidManifest.xml:28:13-72
226            android:directBootAware="true"
226-->[com.google.firebase:firebase-common:20.0.0] AndroidManifest.xml:29:13-43
227            android:exported="false"
227-->[com.google.firebase:firebase-common:20.0.0] AndroidManifest.xml:30:13-37
228            android:initOrder="100" />
228-->[com.google.firebase:firebase-common:20.0.0] AndroidManifest.xml:31:13-36
229        <provider
229-->[androidx.work:work-runtime:2.4.0] AndroidManifest.xml:31:9-37:35
230            android:name="androidx.work.impl.WorkManagerInitializer"
230-->[androidx.work:work-runtime:2.4.0] AndroidManifest.xml:32:13-69
231            android:authorities="com.techsales.sbcb_driver.workmanager-init"
231-->[androidx.work:work-runtime:2.4.0] AndroidManifest.xml:33:13-68
232            android:directBootAware="false"
232-->[androidx.work:work-runtime:2.4.0] AndroidManifest.xml:34:13-44
233            android:exported="false"
233-->[androidx.work:work-runtime:2.4.0] AndroidManifest.xml:35:13-37
234            android:multiprocess="true" />
234-->[androidx.work:work-runtime:2.4.0] AndroidManifest.xml:36:13-40
235
236        <service
236-->[androidx.work:work-runtime:2.4.0] AndroidManifest.xml:39:9-44:35
237            android:name="androidx.work.impl.background.systemalarm.SystemAlarmService"
237-->[androidx.work:work-runtime:2.4.0] AndroidManifest.xml:40:13-88
238            android:directBootAware="false"
238-->[androidx.work:work-runtime:2.4.0] AndroidManifest.xml:41:13-44
239            android:enabled="@bool/enable_system_alarm_service_default"
239-->[androidx.work:work-runtime:2.4.0] AndroidManifest.xml:42:13-72
240            android:exported="false" />
240-->[androidx.work:work-runtime:2.4.0] AndroidManifest.xml:43:13-37
241        <service
241-->[androidx.work:work-runtime:2.4.0] AndroidManifest.xml:45:9-51:35
242            android:name="androidx.work.impl.background.systemjob.SystemJobService"
242-->[androidx.work:work-runtime:2.4.0] AndroidManifest.xml:46:13-84
243            android:directBootAware="false"
243-->[androidx.work:work-runtime:2.4.0] AndroidManifest.xml:47:13-44
244            android:enabled="@bool/enable_system_job_service_default"
244-->[androidx.work:work-runtime:2.4.0] AndroidManifest.xml:48:13-70
245            android:exported="true"
245-->[androidx.work:work-runtime:2.4.0] AndroidManifest.xml:49:13-36
246            android:permission="android.permission.BIND_JOB_SERVICE" />
246-->[androidx.work:work-runtime:2.4.0] AndroidManifest.xml:50:13-69
247        <service
247-->[androidx.work:work-runtime:2.4.0] AndroidManifest.xml:52:9-57:35
248            android:name="androidx.work.impl.foreground.SystemForegroundService"
248-->[androidx.work:work-runtime:2.4.0] AndroidManifest.xml:53:13-81
249            android:directBootAware="false"
249-->[androidx.work:work-runtime:2.4.0] AndroidManifest.xml:54:13-44
250            android:enabled="@bool/enable_system_foreground_service_default"
250-->[androidx.work:work-runtime:2.4.0] AndroidManifest.xml:55:13-77
251            android:exported="false" />
251-->[androidx.work:work-runtime:2.4.0] AndroidManifest.xml:56:13-37
252
253        <receiver
253-->[androidx.work:work-runtime:2.4.0] AndroidManifest.xml:59:9-64:35
254            android:name="androidx.work.impl.utils.ForceStopRunnable$BroadcastReceiver"
254-->[androidx.work:work-runtime:2.4.0] AndroidManifest.xml:60:13-88
255            android:directBootAware="false"
255-->[androidx.work:work-runtime:2.4.0] AndroidManifest.xml:61:13-44
256            android:enabled="true"
256-->[androidx.work:work-runtime:2.4.0] AndroidManifest.xml:62:13-35
257            android:exported="false" />
257-->[androidx.work:work-runtime:2.4.0] AndroidManifest.xml:63:13-37
258        <receiver
258-->[androidx.work:work-runtime:2.4.0] AndroidManifest.xml:65:9-75:20
259            android:name="androidx.work.impl.background.systemalarm.ConstraintProxy$BatteryChargingProxy"
259-->[androidx.work:work-runtime:2.4.0] AndroidManifest.xml:66:13-106
260            android:directBootAware="false"
260-->[androidx.work:work-runtime:2.4.0] AndroidManifest.xml:67:13-44
261            android:enabled="false"
261-->[androidx.work:work-runtime:2.4.0] AndroidManifest.xml:68:13-36
262            android:exported="false" >
262-->[androidx.work:work-runtime:2.4.0] AndroidManifest.xml:69:13-37
263            <intent-filter>
263-->[androidx.work:work-runtime:2.4.0] AndroidManifest.xml:71:13-74:29
264                <action android:name="android.intent.action.ACTION_POWER_CONNECTED" />
264-->[androidx.work:work-runtime:2.4.0] AndroidManifest.xml:72:17-87
264-->[androidx.work:work-runtime:2.4.0] AndroidManifest.xml:72:25-84
265                <action android:name="android.intent.action.ACTION_POWER_DISCONNECTED" />
265-->[androidx.work:work-runtime:2.4.0] AndroidManifest.xml:73:17-90
265-->[androidx.work:work-runtime:2.4.0] AndroidManifest.xml:73:25-87
266            </intent-filter>
267        </receiver>
268        <receiver
268-->[androidx.work:work-runtime:2.4.0] AndroidManifest.xml:76:9-86:20
269            android:name="androidx.work.impl.background.systemalarm.ConstraintProxy$BatteryNotLowProxy"
269-->[androidx.work:work-runtime:2.4.0] AndroidManifest.xml:77:13-104
270            android:directBootAware="false"
270-->[androidx.work:work-runtime:2.4.0] AndroidManifest.xml:78:13-44
271            android:enabled="false"
271-->[androidx.work:work-runtime:2.4.0] AndroidManifest.xml:79:13-36
272            android:exported="false" >
272-->[androidx.work:work-runtime:2.4.0] AndroidManifest.xml:80:13-37
273            <intent-filter>
273-->[androidx.work:work-runtime:2.4.0] AndroidManifest.xml:82:13-85:29
274                <action android:name="android.intent.action.BATTERY_OKAY" />
274-->[androidx.work:work-runtime:2.4.0] AndroidManifest.xml:83:17-77
274-->[androidx.work:work-runtime:2.4.0] AndroidManifest.xml:83:25-74
275                <action android:name="android.intent.action.BATTERY_LOW" />
275-->[androidx.work:work-runtime:2.4.0] AndroidManifest.xml:84:17-76
275-->[androidx.work:work-runtime:2.4.0] AndroidManifest.xml:84:25-73
276            </intent-filter>
277        </receiver>
278        <receiver
278-->[androidx.work:work-runtime:2.4.0] AndroidManifest.xml:87:9-97:20
279            android:name="androidx.work.impl.background.systemalarm.ConstraintProxy$StorageNotLowProxy"
279-->[androidx.work:work-runtime:2.4.0] AndroidManifest.xml:88:13-104
280            android:directBootAware="false"
280-->[androidx.work:work-runtime:2.4.0] AndroidManifest.xml:89:13-44
281            android:enabled="false"
281-->[androidx.work:work-runtime:2.4.0] AndroidManifest.xml:90:13-36
282            android:exported="false" >
282-->[androidx.work:work-runtime:2.4.0] AndroidManifest.xml:91:13-37
283            <intent-filter>
283-->[androidx.work:work-runtime:2.4.0] AndroidManifest.xml:93:13-96:29
284                <action android:name="android.intent.action.DEVICE_STORAGE_LOW" />
284-->[androidx.work:work-runtime:2.4.0] AndroidManifest.xml:94:17-83
284-->[androidx.work:work-runtime:2.4.0] AndroidManifest.xml:94:25-80
285                <action android:name="android.intent.action.DEVICE_STORAGE_OK" />
285-->[androidx.work:work-runtime:2.4.0] AndroidManifest.xml:95:17-82
285-->[androidx.work:work-runtime:2.4.0] AndroidManifest.xml:95:25-79
286            </intent-filter>
287        </receiver>
288        <receiver
288-->[androidx.work:work-runtime:2.4.0] AndroidManifest.xml:98:9-107:20